2019-05-19 10:29:08,026 【lottery】- 选择了大,猜对了
2019-05-19 10:29:09,529 【lottery】- 选择了小,猜对了
2019-05-19 10:29:11,065 【lottery】- 选择了大,猜错了
2019-05-19 10:29:12,601 【lottery】- 选择了大,猜对了
2019-05-19 10:33:22,201 【lottery】- 没中奖
2019-05-19 10:33:39,271 【lottery】- 三等奖
2019-05-19 10:40:45,568 【lottery】- 二等奖
2019-05-19 10:41:57,148 【lottery】- 您选择了1,2,3,二等奖
2019-05-19 10:42:11,268 【lottery】- 您选择了1,2,3,4,5,二等奖
2019-05-19 15:18:37,226 【lottery】- 选择了大,猜对了
2019-05-19 15:18:41,786 【lottery】- 选择了小,猜错了
2019-05-19 15:18:44,450 【lottery】- 选择了小,猜对了
2019-05-19 15:20:23,447 【lottery】- 选择了大,猜对了
2019-05-19 15:22:32,281 【lottery】- 选择了大,猜对了
2019-05-19 15:22:35,208 【lottery】- 选择了小,猜对了
2019-05-19 15:28:53,210 【lottery】- 选择了小,猜错了
2019-05-19 15:28:57,266 【lottery】- 选择了小,猜对了
2019-05-19 15:32:26,377 【lottery】- 选择了大,猜对了
2019-05-19 15:33:31,759 【lottery】- 选择了小,猜错了
2019-05-19 15:33:34,063 【lottery】- 选择了小,猜对了
2019-05-19 15:52:12,653 【lottery】- 选择了小,猜错了
2019-05-19 15:52:15,517 【lottery】- 选择了大,猜错了
2019-05-19 15:52:57,747 【lottery】- 选择了小,猜错了
2019-05-19 15:53:53,129 【lottery】- 选择了大,猜对了
2019-05-19 16:10:07,908 【lottery】- 选择了大,猜对了
2019-05-19 16:10:09,532 【lottery】- 选择了小,猜对了
2019-05-19 16:13:37,660 【lottery】- 您选择了1,3,4,三等奖
2019-05-19 16:14:29,026 【lottery】- 您选择了1,2,3,没中奖
2019-05-19 16:15:22,633 【lottery】- 您选择了1,2,3,4,5,三等奖
2019-05-19 16:24:28,188 【lottery】- 您选择了1,2,3,没中奖
2019-05-19 16:24:42,571 【lottery】- 您选择了2,3,4,没中奖
2019-05-19 16:26:45,047 【lottery】- 您选择了9,7,5,没中奖
2019-05-19 16:27:31,981 【lottery】- 您选择了1,2,3,没中奖
2019-05-19 16:28:24,899 【lottery】- 您选择了1,2,3,没中奖
2019-05-19 16:28:31,019 【lottery】- 您选择了9,4,6,一等奖
2019-05-19 16:31:59,642 【lottery】- 您选择了1,2,3,4,5,二等奖
2019-05-19 16:36:59,160 【lottery】- 选择了小,猜错了
2019-05-19 16:37:42,918 【lottery】- 选择了大,猜对了
2019-05-19 16:37:45,710 【lottery】- 选择了小,猜对了
2019-05-19 16:38:42,988 【lottery】- 您选择了1,2,3,没中奖
2019-05-19 16:38:48,235 【lottery】- 您选择了2,3,4,二等奖
2019-05-19 16:38:54,379 【lottery】- 您选择了1,2,3,4,5,三等奖
2019-05-19 16:39:00,955 【lottery】- 您选择了4,5,6,7,8,三等奖
2019-05-19 16:40:39,120 【lottery】- 选择了小,猜错了
2019-05-19 16:40:49,439 【lottery】- 选择了小,猜对了
2019-05-19 16:41:58,644 【lottery】- 您选择了1,2,3,三等奖
2019-05-19 16:42:04,780 【lottery】- 您选择了3,4,5,二等奖
2019-05-19 17:02:55,100 【lottery】- 选择了大,猜对了
2019-05-19 17:03:00,124 【lottery】- 您选择了1,2,3,没中奖
2019-05-19 17:03:06,277 【lottery】- 您选择了1,2,3,4,5,四等奖
